<?xml version="1.0" encoding="UTF-8"?>
<testng-results skipped="0" failed="0" total="1" passed="1">
  <reporter-output>
  </reporter-output>
  <suite name="Surefire suite" duration-ms="78" started-at="2020-03-27T17:52:15Z" finished-at="2020-03-27T17:52:16Z">
    <groups>
    </groups>
    <test name="Surefire test" duration-ms="78" started-at="2020-03-27T17:52:15Z" finished-at="2020-03-27T17:52:16Z">
      <class name="Registration9gag.AppTest">
        <test-method status="PASS" signature="shouldAnswerWithTrue()[pri:0, instance:shouldAnswerWithTrue(Registration9gag.AppTest)]" name="shouldAnswerWithTrue" duration-ms="2" started-at="2020-03-27T18:52:16Z" finished-at="2020-03-27T18:52:16Z">
          <reporter-output>
          </reporter-output>
        </test-method> <!-- shouldAnswerWithTrue -->
      </class> <!-- Registration9gag.AppTest -->
    </test> <!-- Surefire test -->
  </suite> <!-- Surefire suite -->
</testng-results>
